[LOG] System::create                           : Header version = 1.10.03. Current version = 1.10.03.
[LOG] SystemI::setOutputInternal               : Setting output to 'FMOD WASAPI Output'
[LOG] Manager::init                            : maxchannels = 1024 studioflags = 00000009 flags 00000000 extradriverdata 0000000000000000.
[LOG] SystemI::init                            : Initialize version=11003 (93157), maxchannels=1024, flags=0x00030000
[LOG] OutputWASAPI::init                       : Mix Format (WAVEFORMATEX): wFormatTag=0xFFFE, nChannels=2, nSamplesPerSec=48000, nAvgBytesPerSec=384000, nBlockAlign=8, wBitsPerSample=32, cbSize=22.
[LOG] OutputWASAPI::init                       : Mix Format (WAVEFORMATEXTENSIBLE): wValidBitsPerSample=32, dwChannelMask=0x00000003, SubFormat=00000003-0000-0010-8000-00AA00389B71.
[LOG] OutputWASAPI::init                       : Output buffer size: 4096 samples, latency: 0.00ms, period: 10.00ms, DSP buffer: 1024 * 4
[LOG] Thread::initThread                       : Init FMOD stream thread. Priority: 2, Stack Size: 65536, Semaphore: No, Sleep Time: 10, Looping: Yes.
[LOG] SystemI::DSPCodecPoolRegister            : register codec pool for pool type 5
[LOG] Thread::initThread                       : Init FMOD mixer thread. Priority: 3, Stack Size: 49152, Semaphore: No, Sleep Time: 0, Looping: Yes.
[LOG] AsyncManager::init                       : manager 000000005EDF8EC8 isAsync 1 updatePeriod 0.02
[LOG] Thread::initThread                       : Init FMOD Studio update thread. Priority: 0, Stack Size: 65536, Semaphore: No, Sleep Time: 1, Looping: No.
[LOG] AsyncManager::init                       : done
[LOG] PlaybackSystem::init                     : 
[LOG] Thread::initThread                       : Init FMOD Studio sample load thread. Priority: 0, Stack Size: 65536, Semaphore: No, Sleep Time: 1, Looping: No.
[LOG] PlaybackSystem::init                     : done
[LOG] LiveUpdate::init                         : 
[LOG] Thread::initThread                       : Init FMOD Studio bank load thread. Priority: 0, Stack Size: 65536, Semaphore: No, Sleep Time: 1, Looping: No.
[LOG] Manager::init                            : done.
[LOG] Profile::init                            : Profiler listening on port: 9264
[LOG] Manager::readBank                        : fileversion = 99, compatVersion = 99 (oldest = 44, newest = 100)
[LOG] Manager::readBank                        : fileversion = 99, compatVersion = 99 (oldest = 44, newest = 100)
[LOG] PlaybackSystem::acquireMasterBus         : Setting master channel group format to 6
[LOG] Manager::readBank                        : fileversion = 99, compatVersion = 99 (oldest = 44, newest = 100)
[LOG] Manager::readBank                        : fileversion = 99, compatVersion = 99 (oldest = 44, newest = 100)
[LOG] Manager::readBank                        : fileversion = 99, compatVersion = 99 (oldest = 44, newest = 100)
[LOG] Manager::readBank                        : fileversion = 99, compatVersion = 99 (oldest = 44, newest = 100)
[LOG] Manager::readBank                        : fileversion = 99, compatVersion = 99 (oldest = 44, newest = 100)
[LOG] Manager::readBank                        : fileversion = 99, compatVersion = 99 (oldest = 44, newest = 100)
[LOG] Manager::readBank                        : fileversion = 99, compatVersion = 99 (oldest = 44, newest = 100)
[LOG] SystemI::createSoundInternal             : Create name='', mode=0x02000202
[LOG] SystemI::createSoundInternal             : exinfo->cbsize             = 232
[LOG] SystemI::createSoundInternal             : exinfo->length             = 145248
[LOG] SystemI::createSoundInternal             : exinfo->fileoffset         = 16448
[LOG] SystemI::createSoundInternal             : exinfo->numsubsounds       = 1
[LOG] SystemI::createSoundInternal             : exinfo->inclusionlist      = 000000007AF9F5FC
[LOG] SystemI::createSoundInternal             : exinfo->inclusionlistnum   = 1
[LOG] SystemI::createSoundInternal             : exinfo->suggestedsoundtype = 5
[LOG] SystemI::createSoundInternal             : exinfo->useropen           = 00007FFD6E1A5EC0
[LOG] SystemI::createSoundInternal             : exinfo->userclose          = 00007FFD6E1A5E90
[LOG] SystemI::createSoundInternal             : exinfo->userread           = 00007FFD6E1A5F90
[LOG] SystemI::createSoundInternal             : exinfo->userseek           = 00007FFD6E1A6040
[LOG] SystemI::createSoundInternal             : exinfo->fileuserdata       = 0000000058C8D368
[LOG] SystemI::createSoundInternal             : exinfo->initialseekpostype = 1
[LOG] SystemI::DSPCodecPoolRegister            : register codec pool for pool type 5
[LOG] SystemI::createSoundInternal             : Sample 0/1: name='JetMove 48khz', format=2, channels=1, frequency=48000, lengthbytes=3712, lengthpcm=21572, pcmblocksize=0, loopstart=0, loopend=0, mode=0x00000000, channelmask=0x00000000, channelorder=0, peakvolume=0.755096.
[LOG] SystemI::createSoundInternal             : Create name='', mode=0x02000202
[LOG] SystemI::createSoundInternal             : exinfo->cbsize             = 232
[LOG] SystemI::createSoundInternal             : exinfo->length             = 145248
[LOG] SystemI::createSoundInternal             : exinfo->fileoffset         = 16448
[LOG] SystemI::createSoundInternal             : exinfo->numsubsounds       = 1
[LOG] SystemI::createSoundInternal             : exinfo->inclusionlist      = 000000007AF9F5FC
[LOG] SystemI::createSoundInternal             : exinfo->inclusionlistnum   = 1
[LOG] SystemI::createSoundInternal             : exinfo->suggestedsoundtype = 5
[LOG] SystemI::createSoundInternal             : exinfo->useropen           = 00007FFD6E1A5EC0
[LOG] SystemI::createSoundInternal             : exinfo->userclose          = 00007FFD6E1A5E90
[LOG] SystemI::createSoundInternal             : exinfo->userread           = 00007FFD6E1A5F90
[LOG] SystemI::createSoundInternal             : exinfo->userseek           = 00007FFD6E1A6040
[LOG] SystemI::createSoundInternal             : exinfo->fileuserdata       = 0000000058C8D368
[LOG] SystemI::createSoundInternal             : exinfo->initialseekpostype = 1
[LOG] SystemI::DSPCodecPoolRegister            : register codec pool for pool type 5
[LOG] SystemI::createSoundInternal             : Sample 0/1: name='DroneMove 48khz', format=2, channels=1, frequency=48000, lengthbytes=4192, lengthpcm=25225, pcmblocksize=0, loopstart=0, loopend=0, mode=0x00000000, channelmask=0x00000000, channelorder=0, peakvolume=0.755096.
[LOG] SystemI::createSoundInternal             : Create name='', mode=0x02000202
[LOG] SystemI::createSoundInternal             : exinfo->cbsize             = 232
[LOG] SystemI::createSoundInternal             : exinfo->length             = 145248
[LOG] SystemI::createSoundInternal             : exinfo->fileoffset         = 16448
[LOG] SystemI::createSoundInternal             : exinfo->numsubsounds       = 1
[LOG] SystemI::createSoundInternal             : exinfo->inclusionlist      = 000000007AF9F5FC
[LOG] SystemI::createSoundInternal             : exinfo->inclusionlistnum   = 1
[LOG] SystemI::createSoundInternal             : exinfo->suggestedsoundtype = 5
[LOG] SystemI::createSoundInternal             : exinfo->useropen           = 00007FFD6E1A5EC0
[LOG] SystemI::createSoundInternal             : exinfo->userclose          = 00007FFD6E1A5E90
[LOG] SystemI::createSoundInternal             : exinfo->userread           = 00007FFD6E1A5F90
[LOG] SystemI::createSoundInternal             : exinfo->userseek           = 00007FFD6E1A6040
[LOG] SystemI::createSoundInternal             : exinfo->fileuserdata       = 0000000058C8D368
[LOG] SystemI::createSoundInternal             : exinfo->initialseekpostype = 1
[LOG] SystemI::DSPCodecPoolRegister            : register codec pool for pool type 5
[LOG] SystemI::createSoundInternal             : Sample 0/1: name='Pak Fire', format=2, channels=1, frequency=48000, lengthbytes=5696, lengthpcm=112609, pcmblocksize=0, loopstart=0, loopend=0, mode=0x00000000, channelmask=0x00000000, channelorder=0, peakvolume=0.509459.
[LOG] SystemI::createSoundInternal             : Create name='', mode=0x02000202
[LOG] SystemI::createSoundInternal             : exinfo->cbsize             = 232
[LOG] SystemI::createSoundInternal             : exinfo->length             = 145248
[LOG] SystemI::createSoundInternal             : exinfo->fileoffset         = 16448
[LOG] SystemI::createSoundInternal             : exinfo->numsubsounds       = 1
[LOG] SystemI::createSoundInternal             : exinfo->inclusionlist      = 000000007AF9F5FC
[LOG] SystemI::createSoundInternal             : exinfo->inclusionlistnum   = 1
[LOG] SystemI::createSoundInternal             : exinfo->suggestedsoundtype = 5
[LOG] SystemI::createSoundInternal             : exinfo->useropen           = 00007FFD6E1A5EC0
[LOG] SystemI::createSoundInternal             : exinfo->userclose          = 00007FFD6E1A5E90
[LOG] SystemI::createSoundInternal             : exinfo->userread           = 00007FFD6E1A5F90
[LOG] SystemI::createSoundInternal             : exinfo->userseek           = 00007FFD6E1A6040
[LOG] SystemI::createSoundInternal             : exinfo->fileuserdata       = 0000000058C8D368
[LOG] SystemI::createSoundInternal             : exinfo->initialseekpostype = 1
[LOG] SystemI::DSPCodecPoolRegister            : register codec pool for pool type 5
[LOG] SystemI::createSoundInternal             : Sample 0/1: name='TankFire 48khz', format=2, channels=1, frequency=48000, lengthbytes=24896, lengthpcm=138335, pcmblocksize=0, loopstart=0, loopend=0, mode=0x00000000, channelmask=0x00000000, channelorder=0, peakvolume=0.497925.
[LOG] SystemI::createSoundInternal             : Create name='', mode=0x02000202
[LOG] SystemI::createSoundInternal             : exinfo->cbsize             = 232
[LOG] SystemI::createSoundInternal             : exinfo->length             = 145248
[LOG] SystemI::createSoundInternal             : exinfo->fileoffset         = 16448
[LOG] SystemI::createSoundInternal             : exinfo->numsubsounds       = 1
[LOG] SystemI::createSoundInternal             : exinfo->inclusionlist      = 000000007AF9F5FC
[LOG] SystemI::createSoundInternal             : exinfo->inclusionlistnum   = 1
[LOG] SystemI::createSoundInternal             : exinfo->suggestedsoundtype = 5
[LOG] SystemI::createSoundInternal             : exinfo->useropen           = 00007FFD6E1A5EC0
[LOG] SystemI::createSoundInternal             : exinfo->userclose          = 00007FFD6E1A5E90
[LOG] SystemI::createSoundInternal             : exinfo->userread           = 00007FFD6E1A5F90
[LOG] SystemI::createSoundInternal             : exinfo->userseek           = 00007FFD6E1A6040
[LOG] SystemI::createSoundInternal             : exinfo->fileuserdata       = 0000000058C8D368
[LOG] SystemI::createSoundInternal             : exinfo->initialseekpostype = 1
[LOG] SystemI::DSPCodecPoolRegister            : register codec pool for pool type 5
[LOG] SystemI::createSoundInternal             : Sample 0/1: name='TankMove 48khz', format=2, channels=1, frequency=48000, lengthbytes=4640, lengthpcm=30015, pcmblocksize=0, loopstart=0, loopend=0, mode=0x00000000, channelmask=0x00000000, channelorder=0, peakvolume=0.755066.
[LOG] SystemI::createSoundInternal             : Create name='', mode=0x02000202
[LOG] SystemI::createSoundInternal             : exinfo->cbsize             = 232
[LOG] SystemI::createSoundInternal             : exinfo->length             = 145248
[LOG] SystemI::createSoundInternal             : exinfo->fileoffset         = 16448
[LOG] SystemI::createSoundInternal             : exinfo->numsubsounds       = 1
[LOG] SystemI::createSoundInternal             : exinfo->inclusionlist      = 000000007AF9F5FC
[LOG] SystemI::createSoundInternal             : exinfo->inclusionlistnum   = 1
[LOG] SystemI::createSoundInternal             : exinfo->suggestedsoundtype = 5
[LOG] SystemI::createSoundInternal             : exinfo->useropen           = 00007FFD6E1A5EC0
[LOG] SystemI::createSoundInternal             : exinfo->userclose          = 00007FFD6E1A5E90
[LOG] SystemI::createSoundInternal             : exinfo->userread           = 00007FFD6E1A5F90
[LOG] SystemI::createSoundInternal             : exinfo->userseek           = 00007FFD6E1A6040
[LOG] SystemI::createSoundInternal             : exinfo->fileuserdata       = 0000000058C8D368
[LOG] SystemI::createSoundInternal             : exinfo->initialseekpostype = 1
[LOG] SystemI::DSPCodecPoolRegister            : register codec pool for pool type 5
[LOG] SystemI::createSoundInternal             : Sample 0/1: name='FlakLoad', format=2, channels=1, frequency=48000, lengthbytes=11232, lengthpcm=95472, pcmblocksize=0, loopstart=0, loopend=0, mode=0x00000000, channelmask=0x00000000, channelorder=0, peakvolume=0.679460.
[LOG] SystemI::createSoundInternal             : Create name='', mode=0x02000202
[LOG] SystemI::createSoundInternal             : exinfo->cbsize             = 232
[LOG] SystemI::createSoundInternal             : exinfo->length             = 145248
[LOG] SystemI::createSoundInternal             : exinfo->fileoffset         = 16448
[LOG] SystemI::createSoundInternal             : exinfo->numsubsounds       = 1
[LOG] SystemI::createSoundInternal             : exinfo->inclusionlist      = 000000007AF9F5FC
[LOG] SystemI::createSoundInternal             : exinfo->inclusionlistnum   = 1
[LOG] SystemI::createSoundInternal             : exinfo->suggestedsoundtype = 5
[LOG] SystemI::createSoundInternal             : exinfo->useropen           = 00007FFD6E1A5EC0
[LOG] SystemI::createSoundInternal             : exinfo->userclose          = 00007FFD6E1A5E90
[LOG] SystemI::createSoundInternal             : exinfo->userread           = 00007FFD6E1A5F90
[LOG] SystemI::createSoundInternal             : exinfo->userseek           = 00007FFD6E1A6040
[LOG] SystemI::createSoundInternal             : exinfo->fileuserdata       = 0000000058C8D368
[LOG] SystemI::createSoundInternal             : exinfo->initialseekpostype = 1
[LOG] SystemI::DSPCodecPoolRegister            : register codec pool for pool type 5
[LOG] SystemI::createSoundInternal             : Sample 0/1: name='Jet_Fire_48', format=2, channels=1, frequency=48000, lengthbytes=992, lengthpcm=4402, pcmblocksize=0, loopstart=0, loopend=0, mode=0x00000000, channelmask=0x00000000, channelorder=0, peakvolume=0.496386.
[LOG] SystemI::createSoundInternal             : Create name='', mode=0x02000202
[LOG] SystemI::createSoundInternal             : exinfo->cbsize             = 232
[LOG] SystemI::createSoundInternal             : exinfo->length             = 145248
[LOG] SystemI::createSoundInternal             : exinfo->fileoffset         = 16448
[LOG] SystemI::createSoundInternal             : exinfo->numsubsounds       = 1
[LOG] SystemI::createSoundInternal             : exinfo->inclusionlist      = 000000007AF9F5FC
[LOG] SystemI::createSoundInternal             : exinfo->inclusionlistnum   = 1
[LOG] SystemI::createSoundInternal             : exinfo->suggestedsoundtype = 5
[LOG] SystemI::createSoundInternal             : exinfo->useropen           = 00007FFD6E1A5EC0
[LOG] SystemI::createSoundInternal             : exinfo->userclose          = 00007FFD6E1A5E90
[LOG] SystemI::createSoundInternal             : exinfo->userread           = 00007FFD6E1A5F90
[LOG] SystemI::createSoundInternal             : exinfo->userseek           = 00007FFD6E1A6040
[LOG] SystemI::createSoundInternal             : exinfo->fileuserdata       = 0000000058C8D368
[LOG] SystemI::createSoundInternal             : exinfo->initialseekpostype = 1
[LOG] SystemI::DSPCodecPoolRegister            : register codec pool for pool type 5
[LOG] SystemI::createSoundInternal             : Sample 0/1: name='Pak Load', format=2, channels=1, frequency=48000, lengthbytes=19712, lengthpcm=112609, pcmblocksize=0, loopstart=0, loopend=0, mode=0x00000000, channelmask=0x00000000, channelorder=0, peakvolume=0.240667.
[LOG] SystemI::createSoundInternal             : Create name='', mode=0x02000202
[LOG] SystemI::createSoundInternal             : exinfo->cbsize             = 232
[LOG] SystemI::createSoundInternal             : exinfo->length             = 145248
[LOG] SystemI::createSoundInternal             : exinfo->fileoffset         = 16448
[LOG] SystemI::createSoundInternal             : exinfo->numsubsounds       = 1
[LOG] SystemI::createSoundInternal             : exinfo->inclusionlist      = 000000007AF9F5FC
[LOG] SystemI::createSoundInternal             : exinfo->inclusionlistnum   = 1
[LOG] SystemI::createSoundInternal             : exinfo->suggestedsoundtype = 5
[LOG] SystemI::createSoundInternal             : exinfo->useropen           = 00007FFD6E1A5EC0
[LOG] SystemI::createSoundInternal             : exinfo->userclose          = 00007FFD6E1A5E90
[LOG] SystemI::createSoundInternal             : exinfo->userread           = 00007FFD6E1A5F90
[LOG] SystemI::createSoundInternal             : exinfo->userseek           = 00007FFD6E1A6040
[LOG] SystemI::createSoundInternal             : exinfo->fileuserdata       = 0000000058C8D368
[LOG] SystemI::createSoundInternal             : exinfo->initialseekpostype = 1
[LOG] SystemI::DSPCodecPoolRegister            : register codec pool for pool type 5
[LOG] SystemI::createSoundInternal             : Sample 0/1: name='DroneScan 48khz', format=2, channels=1, frequency=48000, lengthbytes=11520, lengthpcm=71500, pcmblocksize=0, loopstart=0, loopend=0, mode=0x00000000, channelmask=0x00000000, channelorder=0, peakvolume=0.500671.
[LOG] SystemI::createSoundInternal             : Create name='', mode=0x02000202
[LOG] SystemI::createSoundInternal             : exinfo->cbsize             = 232
[LOG] SystemI::createSoundInternal             : exinfo->length             = 145248
[LOG] SystemI::createSoundInternal             : exinfo->fileoffset         = 16448
[LOG] SystemI::createSoundInternal             : exinfo->numsubsounds       = 1
[LOG] SystemI::createSoundInternal             : exinfo->inclusionlist      = 000000007AF9F5FC
[LOG] SystemI::createSoundInternal             : exinfo->inclusionlistnum   = 1
[LOG] SystemI::createSoundInternal             : exinfo->suggestedsoundtype = 5
[LOG] SystemI::createSoundInternal             : exinfo->useropen           = 00007FFD6E1A5EC0
[LOG] SystemI::createSoundInternal             : exinfo->userclose          = 00007FFD6E1A5E90
[LOG] SystemI::createSoundInternal             : exinfo->userread           = 00007FFD6E1A5F90
[LOG] SystemI::createSoundInternal             : exinfo->userseek           = 00007FFD6E1A6040
[LOG] SystemI::createSoundInternal             : exinfo->fileuserdata       = 0000000058C8D368
[LOG] SystemI::createSoundInternal             : exinfo->initialseekpostype = 1
[LOG] SystemI::DSPCodecPoolRegister            : register codec pool for pool type 5
[LOG] SystemI::createSoundInternal             : Sample 0/1: name='FlakFire', format=2, channels=1, frequency=48000, lengthbytes=5504, lengthpcm=95472, pcmblocksize=0, loopstart=0, loopend=0, mode=0x00000000, channelmask=0x00000000, channelorder=0, peakvolume=0.621130.
[LOG] SystemI::createSoundInternal             : Create name='', mode=0x02000202
[LOG] SystemI::createSoundInternal             : exinfo->cbsize             = 232
[LOG] SystemI::createSoundInternal             : exinfo->length             = 145248
[LOG] SystemI::createSoundInternal             : exinfo->fileoffset         = 16448
[LOG] SystemI::createSoundInternal             : exinfo->numsubsounds       = 1
[LOG] SystemI::createSoundInternal             : exinfo->inclusionlist      = 000000007AF9F5FC
[LOG] SystemI::createSoundInternal             : exinfo->inclusionlistnum   = 1
[LOG] SystemI::createSoundInternal             : exinfo->suggestedsoundtype = 5
[LOG] SystemI::createSoundInternal             : exinfo->useropen           = 00007FFD6E1A5EC0
[LOG] SystemI::createSoundInternal             : exinfo->userclose          = 00007FFD6E1A5E90
[LOG] SystemI::createSoundInternal             : exinfo->userread           = 00007FFD6E1A5F90
[LOG] SystemI::createSoundInternal             : exinfo->userseek           = 00007FFD6E1A6040
[LOG] SystemI::createSoundInternal             : exinfo->fileuserdata       = 0000000058C8D368
[LOG] SystemI::createSoundInternal             : exinfo->initialseekpostype = 1
[LOG] SystemI::DSPCodecPoolRegister            : register codec pool for pool type 5
[LOG] SystemI::createSoundInternal             : Sample 0/1: name='Tank_Shield', format=2, channels=1, frequency=48000, lengthbytes=9632, lengthpcm=50964, pcmblocksize=0, loopstart=0, loopend=0, mode=0x00000000, channelmask=0x00000000, channelorder=0, peakvolume=0.499213.
[LOG] SystemI::createSoundInternal             : Create name='', mode=0x02000202
[LOG] SystemI::createSoundInternal             : exinfo->cbsize             = 232
[LOG] SystemI::createSoundInternal             : exinfo->length             = 145248
[LOG] SystemI::createSoundInternal             : exinfo->fileoffset         = 16448
[LOG] SystemI::createSoundInternal             : exinfo->numsubsounds       = 1
[LOG] SystemI::createSoundInternal             : exinfo->inclusionlist      = 000000007AF9F5FC
[LOG] SystemI::createSoundInternal             : exinfo->inclusionlistnum   = 1
[LOG] SystemI::createSoundInternal             : exinfo->suggestedsoundtype = 5
[LOG] SystemI::createSoundInternal             : exinfo->useropen           = 00007FFD6E1A5EC0
[LOG] SystemI::createSoundInternal             : exinfo->userclose          = 00007FFD6E1A5E90
[LOG] SystemI::createSoundInternal             : exinfo->userread           = 00007FFD6E1A5F90
[LOG] SystemI::createSoundInternal             : exinfo->userseek           = 00007FFD6E1A6040
[LOG] SystemI::createSoundInternal             : exinfo->fileuserdata       = 0000000058C8D368
[LOG] SystemI::createSoundInternal             : exinfo->initialseekpostype = 1
[LOG] SystemI::DSPCodecPoolRegister            : register codec pool for pool type 5
[LOG] SystemI::createSoundInternal             : Sample 0/1: name='MechFire 48khz', format=2, channels=1, frequency=48000, lengthbytes=24928, lengthpcm=148274, pcmblocksize=0, loopstart=0, loopend=0, mode=0x00000000, channelmask=0x00000000, channelorder=0, peakvolume=0.501068.
[LOG] SystemI::createSoundInternal             : Create name='', mode=0x02000202
[LOG] SystemI::createSoundInternal             : exinfo->cbsize             = 232
[LOG] SystemI::createSoundInternal             : exinfo->length             = 145248
[LOG] SystemI::createSoundInternal             : exinfo->fileoffset         = 16448
[LOG] SystemI::createSoundInternal             : exinfo->numsubsounds       = 1
[LOG] SystemI::createSoundInternal             : exinfo->inclusionlist      = 000000007AF9F5FC
[LOG] SystemI::createSoundInternal             : exinfo->inclusionlistnum   = 1
[LOG] SystemI::createSoundInternal             : exinfo->suggestedsoundtype = 5
[LOG] SystemI::createSoundInternal             : exinfo->useropen           = 00007FFD6E1A5EC0
[LOG] SystemI::createSoundInternal             : exinfo->userclose          = 00007FFD6E1A5E90
[LOG] SystemI::createSoundInternal             : exinfo->userread           = 00007FFD6E1A5F90
[LOG] SystemI::createSoundInternal             : exinfo->userseek           = 00007FFD6E1A6040
[LOG] SystemI::createSoundInternal             : exinfo->fileuserdata       = 0000000058C8D368
[LOG] SystemI::createSoundInternal             : exinfo->initialseekpostype = 1
[LOG] SystemI::DSPCodecPoolRegister            : register codec pool for pool type 5
[LOG] SystemI::createSoundInternal             : Sample 0/1: name='MechWalk 48khz', format=2, channels=1, frequency=48000, lengthbytes=17824, lengthpcm=100500, pcmblocksize=0, loopstart=0, loopend=0, mode=0x00000000, channelmask=0x00000000, channelorder=0, peakvolume=0.497314.
[LOG] SoundI::release                          :  (0000000058D94F68)
[LOG] SoundI::release                          :     TankMove 48khz (000000005E8050F8)
[LOG] SoundI::release                          :  (0000000058D953B8)
[LOG] SoundI::release                          :     Jet_Fire_48 (000000005E804598)
[LOG] SoundI::release                          :  (000000000FA3A558)
[LOG] SoundI::release                          :     MechFire 48khz (000000005E803F18)
[LOG] SoundI::release                          :  (0000000058D94278)
[LOG] SoundI::release                          :     DroneScan 48khz (000000005E805C58)
[LOG] SoundI::release                          :  (0000000058D94108)
[LOG] SoundI::release                          :     TankFire 48khz (000000005E804C18)
[LOG] SoundI::release                          :  (000000005EDD5E98)
[LOG] SoundI::release                          :     MechWalk 48khz (000000005E803218)
[LOG] SoundI::release                          :  (00000000131AD928)
[LOG] SoundI::release                          :     FlakFire (000000005E8048D8)
[LOG] SoundI::release                          :  (0000000058D946C8)
[LOG] SoundI::release                          :     FlakLoad (000000005E803A38)
[LOG] SoundI::release                          :  (0000000058D94558)
[LOG] SoundI::release                          :     JetMove 48khz (000000005E8043F8)
[LOG] SoundI::release                          :  (00000000131ADEE8)
[LOG] SoundI::release                          :     Tank_Shield (000000005E805AB8)
[LOG] SoundI::release                          :  (0000000058D93CB8)
[LOG] SoundI::release                          :     DroneMove 48khz (000000005E806478)
[LOG] SoundI::release                          :  (0000000058D95978)
[LOG] SoundI::release                          :     Pak Load (000000005E806E38)
[LOG] SoundI::release                          :  (0000000058D93E28)
[LOG] SoundI::release                          :     Pak Fire (000000005E806C98)
[LOG] Thread::callback                         : FMOD Studio update thread finished.
[LOG] Thread::callback                         : FMOD Studio bank load thread finished.
[LOG] Profile::disconnectAll                   : Profiler disconnecting all clients
[LOG] Thread::callback                         : FMOD Studio sample load thread finished.
[LOG] LiveUpdate::release                      : 
[LOG] LiveUpdate::reset                        : Reset connection (reason Disconnected)
[LOG] Thread::callback                         : FMOD stream thread finished.
[LOG] Thread::callback                         : FMOD mixer thread finished.
[LOG] Profile::disconnectAll                   : Profiler disconnecting all clients
[LOG] SystemI::close                           : Closed.
